<?xml version="1.0" encoding="UTF-8"?>
<!-- Generated by org.testng.reporters.JUnitReportReporter -->
<testsuite skipped="0" hostname="DESKTOP-10QAI0L" name="org.maven.MavenPractice" tests="3" failures="0" timestamp="2022-07-18T15:28:54 IST" time="0.415" errors="0">
  <testcase name="Sample3" time="0.138" classname="org.maven.MavenPractice"/>
  <system-out/>
  <testcase name="Sample1" time="0.139" classname="org.maven.MavenPractice"/>
  <system-out/>
  <testcase name="Sample2" time="0.138" classname="org.maven.MavenPractice"/>
  <system-out/>
</testsuite> <!-- org.maven.MavenPractice -->
